# JRE version: OpenJDK Runtime Environment Temurin-21.0.10+7 (21.0.10+7) (build 21.0.10+7-LTS)
# Java VM: OpenJDK 64-Bit Server VM Temurin-21.0.10+7 (21.0.10+7-LTS, mixed mode, sharing, tiered, compressed oops, compressed class ptrs, parallel gc, windows-amd64)
GC Precious Log:
 CardTable entry size: 512
 CPUs: 4 total, 4 available
 Memory: 8086M
 Large Page Support: Disabled
 NUMA Support: Disabled
 Compressed Oops: Enabled (32-bit)
 Alignments: Space 512K, Generation 512K, Heap 2M
 Heap Min Capacity: 100M
 Heap Initial Capacity: 100M
 Heap Max Capacity: 2G
 Pre-touch: Disabled
 Parallel Workers: 4
Heap:
 PSYoungGen      total 19968K, used 16419K [0x00000000d5580000, 0x00000000d6b80000, 0x0000000100000000)
  eden space 18432K, 81% used [0x00000000d5580000,0x00000000d643cec8,0x00000000d6780000)
  from space 1536K, 86% used [0x00000000d6880000,0x00000000d69cbdd0,0x00000000d6a00000)
  to   space 1536K, 0% used [0x00000000d6a00000,0x00000000d6a00000,0x00000000d6b80000)
 ParOldGen       total 68608K, used 63730K [0x0000000080000000, 0x0000000084300000, 0x00000000d5580000)
  object space 68608K, 92% used [0x0000000080000000,0x0000000083e3c878,0x0000000084300000)
 Metaspace       used 74550K, committed 76224K, reserved 1179648K
  class space    used 7909K, committed 8704K, reserved 1048576K
GC Heap History (20 events):
Event: 57.759 GC heap before
{Heap before GC invocations=55 (full 3):
 PSYoungGen      total 19456K, used 19439K [0x00000000d5580000, 0x00000000d6d80000, 0x0000000100000000)
  eden space 18432K, 100% used [0x00000000d5580000,0x00000000d6780000,0x00000000d6780000)
  from space 1024K, 98% used [0x00000000d6880000,0x00000000d697bd80,0x00000000d6980000)
  to   space 3072K, 0% used [0x00000000d6a80000,0x00000000d6a80000,0x00000000d6d80000)
 ParOldGen       total 68608K, used 52109K [0x0000000080000000, 0x0000000084300000, 0x00000000d5580000)
  object space 68608K, 75% used [0x0000000080000000,0x00000000832e35f0,0x0000000084300000)
 Metaspace       used 68477K, committed 69952K, reserved 1114112K
  class space    used 7408K, committed 8064K, reserved 1048576K
}
Event: 57.764 GC heap after
{Heap after GC invocations=55 (full 3):
 PSYoungGen      total 20480K, used 1594K [0x00000000d5580000, 0x00000000d6c80000, 0x0000000100000000)
  eden space 18432K, 0% used [0x00000000d5580000,0x00000000d5580000,0x00000000d6780000)
  from space 2048K, 77% used [0x00000000d6a80000,0x00000000d6c0e960,0x00000000d6c80000)
  to   space 2048K, 0% used [0x00000000d6880000,0x00000000d6880000,0x00000000d6a80000)
 ParOldGen       total 68608K, used 53107K [0x0000000080000000, 0x0000000084300000, 0x00000000d5580000)
  object space 68608K, 77% used [0x0000000080000000,0x00000000833dce80,0x0000000084300000)
 Metaspace       used 68477K, committed 69952K, reserved 1114112K
  class space    used 7408K, committed 8064K, reserved 1048576K
}
Event: 58.096 GC heap before
{Heap before GC invocations=56 (full 3):
 PSYoungGen      total 20480K, used 20026K [0x00000000d5580000, 0x00000000d6c80000, 0x0000000100000000)
  eden space 18432K, 100% used [0x00000000d5580000,0x00000000d6780000,0x00000000d6780000)
  from space 2048K, 77% used [0x00000000d6a80000,0x00000000d6c0e960,0x00000000d6c80000)
  to   space 2048K, 0% used [0x00000000d6880000,0x00000000d6880000,0x00000000d6a80000)
 ParOldGen       total 68608K, used 53107K [0x0000000080000000, 0x0000000084300000, 0x00000000d5580000)
  object space 68608K, 77% used [0x0000000080000000,0x00000000833dce80,0x0000000084300000)
 Metaspace       used 68633K, committed 70208K, reserved 1114112K
  class space    used 7425K, committed 8128K, reserved 1048576K
}
Event: 58.102 GC heap after
{Heap after GC invocations=56 (full 3):
 PSYoungGen      total 19456K, used 886K [0x00000000d5580000, 0x00000000d6b00000, 0x0000000100000000)
  eden space 18432K, 0% used [0x00000000d5580000,0x00000000d5580000,0x00000000d6780000)
  from space 1024K, 86% used [0x00000000d6880000,0x00000000d695da38,0x00000000d6980000)
  to   space 1536K, 0% used [0x00000000d6980000,0x00000000d6980000,0x00000000d6b00000)
 ParOldGen       total 68608K, used 54650K [0x0000000080000000, 0x0000000084300000, 0x00000000d5580000)
  object space 68608K, 79% used [0x0000000080000000,0x000000008355e998,0x0000000084300000)
 Metaspace       used 68633K, committed 70208K, reserved 1114112K
  class space    used 7425K, committed 8128K, reserved 1048576K
}
Event: 58.438 GC heap before
{Heap before GC invocations=57 (full 3):
 PSYoungGen      total 19456K, used 19318K [0x00000000d5580000, 0x00000000d6b00000, 0x0000000100000000)
  eden space 18432K, 100% used [0x00000000d5580000,0x00000000d6780000,0x00000000d6780000)
  from space 1024K, 86% used [0x00000000d6880000,0x00000000d695da38,0x00000000d6980000)
  to   space 1536K, 0% used [0x00000000d6980000,0x00000000d6980000,0x00000000d6b00000)
 ParOldGen       total 68608K, used 54650K [0x0000000080000000, 0x0000000084300000, 0x00000000d5580000)
  object space 68608K, 79% used [0x0000000080000000,0x000000008355e998,0x0000000084300000)
 Metaspace       used 68917K, committed 70464K, reserved 1114112K
  class space    used 7454K, committed 8128K, reserved 1048576K
}
Event: 58.442 GC heap after
{Heap after GC invocations=57 (full 3):
 PSYoungGen      total 19968K, used 1047K [0x00000000d5580000, 0x00000000d6b00000, 0x0000000100000000)
  eden space 18432K, 0% used [0x00000000d5580000,0x00000000d5580000,0x00000000d6780000)
  from space 1536K, 68% used [0x00000000d6980000,0x00000000d6a85da0,0x00000000d6b00000)
  to   space 1536K, 0% used [0x00000000d6800000,0x00000000d6800000,0x00000000d6980000)
 ParOldGen       total 68608K, used 55464K [0x0000000080000000, 0x0000000084300000, 0x00000000d5580000)
  object space 68608K, 80% used [0x0000000080000000,0x000000008362a3d0,0x0000000084300000)
 Metaspace       used 68917K, committed 70464K, reserved 1114112K
  class space    used 7454K, committed 8128K, reserved 1048576K
}
Event: 58.719 GC heap before
{Heap before GC invocations=58 (full 3):
 PSYoungGen      total 19968K, used 19479K [0x00000000d5580000, 0x00000000d6b00000, 0x0000000100000000)
  eden space 18432K, 100% used [0x00000000d5580000,0x00000000d6780000,0x00000000d6780000)
  from space 1536K, 68% used [0x00000000d6980000,0x00000000d6a85da0,0x00000000d6b00000)
  to   space 1536K, 0% used [0x00000000d6800000,0x00000000d6800000,0x00000000d6980000)
 ParOldGen       total 68608K, used 55464K [0x0000000080000000, 0x0000000084300000, 0x00000000d5580000)
  object space 68608K, 80% used [0x0000000080000000,0x000000008362a3d0,0x0000000084300000)
 Metaspace       used 69259K, committed 70784K, reserved 1114112K
  class space    used 7494K, committed 8192K, reserved 1048576K
}
Event: 58.726 GC heap after
{Heap after GC invocations=58 (full 3):
 PSYoungGen      total 19456K, used 786K [0x00000000d5580000, 0x00000000d6a00000, 0x0000000100000000)
  eden space 18432K, 0% used [0x00000000d5580000,0x00000000d5580000,0x00000000d6780000)
  from space 1024K, 76% used [0x00000000d6800000,0x00000000d68c4880,0x00000000d6900000)
  to   space 1024K, 0% used [0x00000000d6900000,0x00000000d6900000,0x00000000d6a00000)
 ParOldGen       total 68608K, used 56458K [0x0000000080000000, 0x0000000084300000, 0x00000000d5580000)
  object space 68608K, 82% used [0x0000000080000000,0x0000000083722be0,0x0000000084300000)
 Metaspace       used 69259K, committed 70784K, reserved 1114112K
  class space    used 7494K, committed 8192K, reserved 1048576K
}
Event: 58.850 GC heap before
{Heap before GC invocations=59 (full 3):
 PSYoungGen      total 19456K, used 19218K [0x00000000d5580000, 0x00000000d6a00000, 0x0000000100000000)
  eden space 18432K, 100% used [0x00000000d5580000,0x00000000d6780000,0x00000000d6780000)
  from space 1024K, 76% used [0x00000000d6800000,0x00000000d68c4880,0x00000000d6900000)
  to   space 1024K, 0% used [0x00000000d6900000,0x00000000d6900000,0x00000000d6a00000)
 ParOldGen       total 68608K, used 56458K [0x0000000080000000, 0x0000000084300000, 0x00000000d5580000)
  object space 68608K, 82% used [0x0000000080000000,0x0000000083722be0,0x0000000084300000)
 Metaspace       used 69404K, committed 70976K, reserved 1114112K
  class space    used 7510K, committed 8192K, reserved 1048576K
}
Event: 58.855 GC heap after
{Heap after GC invocations=59 (full 3):
 PSYoungGen      total 19456K, used 686K [0x00000000d5580000, 0x00000000d6a00000, 0x0000000100000000)
  eden space 18432K, 0% used [0x00000000d5580000,0x00000000d5580000,0x00000000d6780000)
  from space 1024K, 67% used [0x00000000d6900000,0x00000000d69ab9f0,0x00000000d6a00000)
  to   space 1024K, 0% used [0x00000000d6800000,0x00000000d6800000,0x00000000d6900000)
 ParOldGen       total 68608K, used 57156K [0x0000000080000000, 0x0000000084300000, 0x00000000d5580000)
  object space 68608K, 83% used [0x0000000080000000,0x00000000837d1040,0x0000000084300000)
 Metaspace       used 69404K, committed 70976K, reserved 1114112K
  class space    used 7510K, committed 8192K, reserved 1048576K
}
Event: 60.138 GC heap before
{Heap before GC invocations=60 (full 3):
 PSYoungGen      total 19456K, used 19118K [0x00000000d5580000, 0x00000000d6a00000, 0x0000000100000000)
  eden space 18432K, 100% used [0x00000000d5580000,0x00000000d6780000,0x00000000d6780000)
  from space 1024K, 67% used [0x00000000d6900000,0x00000000d69ab9f0,0x00000000d6a00000)
  to   space 1024K, 0% used [0x00000000d6800000,0x00000000d6800000,0x00000000d6900000)
 ParOldGen       total 68608K, used 57156K [0x0000000080000000, 0x0000000084300000, 0x00000000d5580000)
  object space 68608K, 83% used [0x0000000080000000,0x00000000837d1040,0x0000000084300000)
 Metaspace       used 70219K, committed 71744K, reserved 1114112K
  class space    used 7575K, committed 8256K, reserved 1048576K
}
Event: 60.150 GC heap after
{Heap after GC invocations=60 (full 3):
 PSYoungGen      total 19456K, used 1008K [0x00000000d5580000, 0x00000000d7180000, 0x0000000100000000)
  eden space 18432K, 0% used [0x00000000d5580000,0x00000000d5580000,0x00000000d6780000)
  from space 1024K, 98% used [0x00000000d6800000,0x00000000d68fc010,0x00000000d6900000)
  to   space 5120K, 0% used [0x00000000d6c80000,0x00000000d6c80000,0x00000000d7180000)
 ParOldGen       total 68608K, used 60326K [0x0000000080000000, 0x0000000084300000, 0x00000000d5580000)
  object space 68608K, 87% used [0x0000000080000000,0x0000000083ae9aa8,0x0000000084300000)
 Metaspace       used 70219K, committed 71744K, reserved 1114112K
  class space    used 7575K, committed 8256K, reserved 1048576K
}
Event: 63.284 GC heap before
{Heap before GC invocations=61 (full 3):
 PSYoungGen      total 19456K, used 19440K [0x00000000d5580000, 0x00000000d7180000, 0x0000000100000000)
  eden space 18432K, 100% used [0x00000000d5580000,0x00000000d6780000,0x00000000d6780000)
  from space 1024K, 98% used [0x00000000d6800000,0x00000000d68fc010,0x00000000d6900000)
  to   space 5120K, 0% used [0x00000000d6c80000,0x00000000d6c80000,0x00000000d7180000)
 ParOldGen       total 68608K, used 60326K [0x0000000080000000, 0x0000000084300000, 0x00000000d5580000)
  object space 68608K, 87% used [0x0000000080000000,0x0000000083ae9aa8,0x0000000084300000)
 Metaspace       used 71149K, committed 72704K, reserved 1114112K
  class space    used 7593K, committed 8256K, reserved 1048576K
}
Event: 63.296 GC heap after
{Heap after GC invocations=61 (full 3):
 PSYoungGen      total 21504K, used 2928K [0x00000000d5580000, 0x00000000d6f80000, 0x0000000100000000)
  eden space 18432K, 0% used [0x00000000d5580000,0x00000000d5580000,0x00000000d6780000)
  from space 3072K, 95% used [0x00000000d6c80000,0x00000000d6f5c1c8,0x00000000d6f80000)
  to   space 3584K, 0% used [0x00000000d6880000,0x00000000d6880000,0x00000000d6c00000)
 ParOldGen       total 68608K, used 61347K [0x0000000080000000, 0x0000000084300000, 0x00000000d5580000)
  object space 68608K, 89% used [0x0000000080000000,0x0000000083be8c18,0x0000000084300000)
 Metaspace       used 71149K, committed 72704K, reserved 1114112K
  class space    used 7593K, committed 8256K, reserved 1048576K
}
Event: 64.922 GC heap before
{Heap before GC invocations=62 (full 3):
 PSYoungGen      total 21504K, used 21360K [0x00000000d5580000, 0x00000000d6f80000, 0x0000000100000000)
  eden space 18432K, 100% used [0x00000000d5580000,0x00000000d6780000,0x00000000d6780000)
  from space 3072K, 95% used [0x00000000d6c80000,0x00000000d6f5c1c8,0x00000000d6f80000)
  to   space 3584K, 0% used [0x00000000d6880000,0x00000000d6880000,0x00000000d6c00000)
 ParOldGen       total 68608K, used 61347K [0x0000000080000000, 0x0000000084300000, 0x00000000d5580000)
  object space 68608K, 89% used [0x0000000080000000,0x0000000083be8c18,0x0000000084300000)
 Metaspace       used 71992K, committed 73472K, reserved 1179648K
  class space    used 7646K, committed 8320K, reserved 1048576K
}
Event: 64.931 GC heap after
{Heap after GC invocations=62 (full 3):
 PSYoungGen      total 19968K, used 1032K [0x00000000d5580000, 0x00000000d6d00000, 0x0000000100000000)
  eden space 18432K, 0% used [0x00000000d5580000,0x00000000d5580000,0x00000000d6780000)
  from space 1536K, 67% used [0x00000000d6880000,0x00000000d6982190,0x00000000d6a00000)
  to   space 2048K, 0% used [0x00000000d6b00000,0x00000000d6b00000,0x00000000d6d00000)
 ParOldGen       total 68608K, used 62785K [0x0000000080000000, 0x0000000084300000, 0x00000000d5580000)
  object space 68608K, 91% used [0x0000000080000000,0x0000000083d505f0,0x0000000084300000)
 Metaspace       used 71992K, committed 73472K, reserved 1179648K
  class space    used 7646K, committed 8320K, reserved 1048576K
}
Event: 67.509 GC heap before
{Heap before GC invocations=63 (full 3):
 PSYoungGen      total 19968K, used 19464K [0x00000000d5580000, 0x00000000d6d00000, 0x0000000100000000)
  eden space 18432K, 100% used [0x00000000d5580000,0x00000000d6780000,0x00000000d6780000)
  from space 1536K, 67% used [0x00000000d6880000,0x00000000d6982190,0x00000000d6a00000)
  to   space 2048K, 0% used [0x00000000d6b00000,0x00000000d6b00000,0x00000000d6d00000)
 ParOldGen       total 68608K, used 62785K [0x0000000080000000, 0x0000000084300000, 0x00000000d5580000)
  object space 68608K, 91% used [0x0000000080000000,0x0000000083d505f0,0x0000000084300000)
 Metaspace       used 72080K, committed 73600K, reserved 1179648K
  class space    used 7648K, committed 8320K, reserved 1048576K
}
Event: 67.515 GC heap after
{Heap after GC invocations=63 (full 3):
 PSYoungGen      total 19968K, used 1488K [0x00000000d5580000, 0x00000000d6c80000, 0x0000000100000000)
  eden space 18432K, 0% used [0x00000000d5580000,0x00000000d5580000,0x00000000d6780000)
  from space 1536K, 96% used [0x00000000d6b00000,0x00000000d6c741c8,0x00000000d6c80000)
  to   space 2048K, 0% used [0x00000000d6880000,0x00000000d6880000,0x00000000d6a80000)
 ParOldGen       total 68608K, used 63585K [0x0000000080000000, 0x0000000084300000, 0x00000000d5580000)
  object space 68608K, 92% used [0x0000000080000000,0x0000000083e186c0,0x0000000084300000)
 Metaspace       used 72080K, committed 73600K, reserved 1179648K
  class space    used 7648K, committed 8320K, reserved 1048576K
}
Event: 68.735 GC heap before
{Heap before GC invocations=64 (full 3):
 PSYoungGen      total 19968K, used 19920K [0x00000000d5580000, 0x00000000d6c80000, 0x0000000100000000)
  eden space 18432K, 100% used [0x00000000d5580000,0x00000000d6780000,0x00000000d6780000)
  from space 1536K, 96% used [0x00000000d6b00000,0x00000000d6c741c8,0x00000000d6c80000)
  to   space 2048K, 0% used [0x00000000d6880000,0x00000000d6880000,0x00000000d6a80000)
 ParOldGen       total 68608K, used 63585K [0x0000000080000000, 0x0000000084300000, 0x00000000d5580000)
  object space 68608K, 92% used [0x0000000080000000,0x0000000083e186c0,0x0000000084300000)
 Metaspace       used 73375K, committed 74944K, reserved 1179648K
  class space    used 7797K, committed 8512K, reserved 1048576K
}
Event: 68.739 GC heap after
{Heap after GC invocations=64 (full 3):
 PSYoungGen      total 19968K, used 1327K [0x00000000d5580000, 0x00000000d6b80000, 0x0000000100000000)
  eden space 18432K, 0% used [0x00000000d5580000,0x00000000d5580000,0x00000000d6780000)
  from space 1536K, 86% used [0x00000000d6880000,0x00000000d69cbdd0,0x00000000d6a00000)
  to   space 1536K, 0% used [0x00000000d6a00000,0x00000000d6a00000,0x00000000d6b80000)
 ParOldGen       total 68608K, used 63730K [0x0000000080000000, 0x0000000084300000, 0x00000000d5580000)
  object space 68608K, 92% used [0x0000000080000000,0x0000000083e3c878,0x0000000084300000)
 Metaspace       used 73375K, committed 74944K, reserved 1179648K
  class space    used 7797K, committed 8512K, reserved 1048576K
}

