# JRE version: OpenJDK Runtime Environment Temurin-21.0.10+7 (21.0.10+7) (build 21.0.10+7-LTS)
# Java VM: OpenJDK 64-Bit Server VM Temurin-21.0.10+7 (21.0.10+7-LTS, mixed mode, sharing, tiered, compressed oops, compressed class ptrs, parallel gc, windows-amd64)
GC Precious Log:
 CardTable entry size: 512
 CPUs: 4 total, 4 available
 Memory: 8086M
 Large Page Support: Disabled
 NUMA Support: Disabled
 Compressed Oops: Enabled (32-bit)
 Alignments: Space 512K, Generation 512K, Heap 2M
 Heap Min Capacity: 100M
 Heap Initial Capacity: 100M
 Heap Max Capacity: 2G
 Pre-touch: Disabled
 Parallel Workers: 4
Heap:
 PSYoungGen      total 2048K, used 1760K [0x00000000d5580000, 0x00000000d5880000, 0x0000000100000000)
  eden space 1536K, 100% used [0x00000000d5580000,0x00000000d5700000,0x00000000d5700000)
  from space 512K, 43% used [0x00000000d5700000,0x00000000d5738000,0x00000000d5780000)
  to   space 512K, 37% used [0x00000000d5800000,0x00000000d5830000,0x00000000d5880000)
 ParOldGen       total 399360K, used 399352K [0x0000000080000000, 0x0000000098600000, 0x00000000d5580000)
  object space 399360K, 99% used [0x0000000080000000,0x00000000985fe3f0,0x0000000098600000)
 Metaspace       used 62533K, committed 64064K, reserved 1114112K
  class space    used 6557K, committed 7168K, reserved 1048576K
GC Heap History (20 events):
Event: 51.659 GC heap before
{Heap before GC invocations=492 (full 3):
 PSYoungGen      total 2048K, used 1760K [0x00000000d5580000, 0x00000000d5800000, 0x0000000100000000)
  eden space 1536K, 100% used [0x00000000d5580000,0x00000000d5700000,0x00000000d5700000)
  from space 512K, 43% used [0x00000000d5780000,0x00000000d57b8000,0x00000000d5800000)
  to   space 512K, 0% used [0x00000000d5700000,0x00000000d5700000,0x00000000d5780000)
 ParOldGen       total 396288K, used 395924K [0x0000000080000000, 0x0000000098300000, 0x00000000d5580000)
  object space 396288K, 99% used [0x0000000080000000,0x00000000982a5090,0x0000000098300000)
 Metaspace       used 62531K, committed 64064K, reserved 1114112K
  class space    used 6557K, committed 7168K, reserved 1048576K
}
Event: 51.662 GC heap after
{Heap after GC invocations=492 (full 3):
 PSYoungGen      total 2048K, used 192K [0x00000000d5580000, 0x00000000d5800000, 0x0000000100000000)
  eden space 1536K, 0% used [0x00000000d5580000,0x00000000d5580000,0x00000000d5700000)
  from space 512K, 37% used [0x00000000d5700000,0x00000000d5730000,0x00000000d5780000)
  to   space 512K, 0% used [0x00000000d5780000,0x00000000d5780000,0x00000000d5800000)
 ParOldGen       total 396288K, used 396092K [0x0000000080000000, 0x0000000098300000, 0x00000000d5580000)
  object space 396288K, 99% used [0x0000000080000000,0x00000000982cf090,0x0000000098300000)
 Metaspace       used 62531K, committed 64064K, reserved 1114112K
  class space    used 6557K, committed 7168K, reserved 1048576K
}
Event: 51.675 GC heap before
{Heap before GC invocations=493 (full 3):
 PSYoungGen      total 2048K, used 1721K [0x00000000d5580000, 0x00000000d5800000, 0x0000000100000000)
  eden space 1536K, 99% used [0x00000000d5580000,0x00000000d56fe408,0x00000000d5700000)
  from space 512K, 37% used [0x00000000d5700000,0x00000000d5730000,0x00000000d5780000)
  to   space 512K, 0% used [0x00000000d5780000,0x00000000d5780000,0x00000000d5800000)
 ParOldGen       total 396288K, used 396092K [0x0000000080000000, 0x0000000098300000, 0x00000000d5580000)
  object space 396288K, 99% used [0x0000000080000000,0x00000000982cf090,0x0000000098300000)
 Metaspace       used 62531K, committed 64064K, reserved 1114112K
  class space    used 6557K, committed 7168K, reserved 1048576K
}
Event: 51.678 GC heap after
{Heap after GC invocations=493 (full 3):
 PSYoungGen      total 2048K, used 256K [0x00000000d5580000, 0x00000000d5800000, 0x0000000100000000)
  eden space 1536K, 0% used [0x00000000d5580000,0x00000000d5580000,0x00000000d5700000)
  from space 512K, 50% used [0x00000000d5780000,0x00000000d57c0000,0x00000000d5800000)
  to   space 512K, 0% used [0x00000000d5700000,0x00000000d5700000,0x00000000d5780000)
 ParOldGen       total 396288K, used 396260K [0x0000000080000000, 0x0000000098300000, 0x00000000d5580000)
  object space 396288K, 99% used [0x0000000080000000,0x00000000982f9090,0x0000000098300000)
 Metaspace       used 62531K, committed 64064K, reserved 1114112K
  class space    used 6557K, committed 7168K, reserved 1048576K
}
Event: 51.694 GC heap before
{Heap before GC invocations=494 (full 3):
 PSYoungGen      total 2048K, used 1792K [0x00000000d5580000, 0x00000000d5800000, 0x0000000100000000)
  eden space 1536K, 100% used [0x00000000d5580000,0x00000000d5700000,0x00000000d5700000)
  from space 512K, 50% used [0x00000000d5780000,0x00000000d57c0000,0x00000000d5800000)
  to   space 512K, 0% used [0x00000000d5700000,0x00000000d5700000,0x00000000d5780000)
 ParOldGen       total 396288K, used 396260K [0x0000000080000000, 0x0000000098300000, 0x00000000d5580000)
  object space 396288K, 99% used [0x0000000080000000,0x00000000982f9090,0x0000000098300000)
 Metaspace       used 62531K, committed 64064K, reserved 1114112K
  class space    used 6557K, committed 7168K, reserved 1048576K
}
Event: 51.696 GC heap after
{Heap after GC invocations=494 (full 3):
 PSYoungGen      total 2048K, used 256K [0x00000000d5580000, 0x00000000d5800000, 0x0000000100000000)
  eden space 1536K, 0% used [0x00000000d5580000,0x00000000d5580000,0x00000000d5700000)
  from space 512K, 50% used [0x00000000d5700000,0x00000000d5740000,0x00000000d5780000)
  to   space 512K, 0% used [0x00000000d5780000,0x00000000d5780000,0x00000000d5800000)
 ParOldGen       total 396800K, used 396436K [0x0000000080000000, 0x0000000098380000, 0x00000000d5580000)
  object space 396800K, 99% used [0x0000000080000000,0x0000000098325090,0x0000000098380000)
 Metaspace       used 62531K, committed 64064K, reserved 1114112K
  class space    used 6557K, committed 7168K, reserved 1048576K
}
Event: 51.732 GC heap before
{Heap before GC invocations=495 (full 3):
 PSYoungGen      total 2048K, used 1791K [0x00000000d5580000, 0x00000000d5800000, 0x0000000100000000)
  eden space 1536K, 99% used [0x00000000d5580000,0x00000000d56fff98,0x00000000d5700000)
  from space 512K, 50% used [0x00000000d5700000,0x00000000d5740000,0x00000000d5780000)
  to   space 512K, 0% used [0x00000000d5780000,0x00000000d5780000,0x00000000d5800000)
 ParOldGen       total 396800K, used 396436K [0x0000000080000000, 0x0000000098380000, 0x00000000d5580000)
  object space 396800K, 99% used [0x0000000080000000,0x0000000098325090,0x0000000098380000)
 Metaspace       used 62531K, committed 64064K, reserved 1114112K
  class space    used 6557K, committed 7168K, reserved 1048576K
}
Event: 51.734 GC heap after
{Heap after GC invocations=495 (full 3):
 PSYoungGen      total 2048K, used 224K [0x00000000d5580000, 0x00000000d5800000, 0x0000000100000000)
  eden space 1536K, 0% used [0x00000000d5580000,0x00000000d5580000,0x00000000d5700000)
  from space 512K, 43% used [0x00000000d5780000,0x00000000d57b8000,0x00000000d5800000)
  to   space 512K, 0% used [0x00000000d5700000,0x00000000d5700000,0x00000000d5780000)
 ParOldGen       total 396800K, used 396620K [0x0000000080000000, 0x0000000098380000, 0x00000000d5580000)
  object space 396800K, 99% used [0x0000000080000000,0x0000000098353090,0x0000000098380000)
 Metaspace       used 62531K, committed 64064K, reserved 1114112K
  class space    used 6557K, committed 7168K, reserved 1048576K
}
Event: 51.763 GC heap before
{Heap before GC invocations=496 (full 3):
 PSYoungGen      total 2048K, used 1750K [0x00000000d5580000, 0x00000000d5800000, 0x0000000100000000)
  eden space 1536K, 99% used [0x00000000d5580000,0x00000000d56fdb68,0x00000000d5700000)
  from space 512K, 43% used [0x00000000d5780000,0x00000000d57b8000,0x00000000d5800000)
  to   space 512K, 0% used [0x00000000d5700000,0x00000000d5700000,0x00000000d5780000)
 ParOldGen       total 396800K, used 396620K [0x0000000080000000, 0x0000000098380000, 0x00000000d5580000)
  object space 396800K, 99% used [0x0000000080000000,0x0000000098353090,0x0000000098380000)
 Metaspace       used 62531K, committed 64064K, reserved 1114112K
  class space    used 6557K, committed 7168K, reserved 1048576K
}
Event: 51.767 GC heap after
{Heap after GC invocations=496 (full 3):
 PSYoungGen      total 2048K, used 493K [0x00000000d5580000, 0x00000000d5a00000, 0x0000000100000000)
  eden space 1536K, 0% used [0x00000000d5580000,0x00000000d5580000,0x00000000d5700000)
  from space 512K, 96% used [0x00000000d5700000,0x00000000d577b540,0x00000000d5780000)
  to   space 1536K, 0% used [0x00000000d5880000,0x00000000d5880000,0x00000000d5a00000)
 ParOldGen       total 397824K, used 397342K [0x0000000080000000, 0x0000000098480000, 0x00000000d5580000)
  object space 397824K, 99% used [0x0000000080000000,0x00000000984079c0,0x0000000098480000)
 Metaspace       used 62531K, committed 64064K, reserved 1114112K
  class space    used 6557K, committed 7168K, reserved 1048576K
}
Event: 51.822 GC heap before
{Heap before GC invocations=497 (full 3):
 PSYoungGen      total 2048K, used 2029K [0x00000000d5580000, 0x00000000d5a00000, 0x0000000100000000)
  eden space 1536K, 100% used [0x00000000d5580000,0x00000000d5700000,0x00000000d5700000)
  from space 512K, 96% used [0x00000000d5700000,0x00000000d577b540,0x00000000d5780000)
  to   space 1536K, 0% used [0x00000000d5880000,0x00000000d5880000,0x00000000d5a00000)
 ParOldGen       total 397824K, used 397342K [0x0000000080000000, 0x0000000098480000, 0x00000000d5580000)
  object space 397824K, 99% used [0x0000000080000000,0x00000000984079c0,0x0000000098480000)
 Metaspace       used 62531K, committed 64064K, reserved 1114112K
  class space    used 6557K, committed 7168K, reserved 1048576K
}
Event: 51.827 GC heap after
{Heap after GC invocations=497 (full 3):
 PSYoungGen      total 3072K, used 1099K [0x00000000d5580000, 0x00000000d5a00000, 0x0000000100000000)
  eden space 1536K, 0% used [0x00000000d5580000,0x00000000d5580000,0x00000000d5700000)
  from space 1536K, 71% used [0x00000000d5880000,0x00000000d5992f80,0x00000000d5a00000)
  to   space 1536K, 0% used [0x00000000d5700000,0x00000000d5700000,0x00000000d5880000)
 ParOldGen       total 397824K, used 397510K [0x0000000080000000, 0x0000000098480000, 0x00000000d5580000)
  object space 397824K, 99% used [0x0000000080000000,0x00000000984318c0,0x0000000098480000)
 Metaspace       used 62531K, committed 64064K, reserved 1114112K
  class space    used 6557K, committed 7168K, reserved 1048576K
}
Event: 52.069 GC heap before
{Heap before GC invocations=498 (full 3):
 PSYoungGen      total 3072K, used 2635K [0x00000000d5580000, 0x00000000d5a00000, 0x0000000100000000)
  eden space 1536K, 100% used [0x00000000d5580000,0x00000000d5700000,0x00000000d5700000)
  from space 1536K, 71% used [0x00000000d5880000,0x00000000d5992f80,0x00000000d5a00000)
  to   space 1536K, 0% used [0x00000000d5700000,0x00000000d5700000,0x00000000d5880000)
 ParOldGen       total 397824K, used 397510K [0x0000000080000000, 0x0000000098480000, 0x00000000d5580000)
  object space 397824K, 99% used [0x0000000080000000,0x00000000984318c0,0x0000000098480000)
 Metaspace       used 62533K, committed 64064K, reserved 1114112K
  class space    used 6557K, committed 7168K, reserved 1048576K
}
Event: 52.073 GC heap after
{Heap after GC invocations=498 (full 3):
 PSYoungGen      total 2048K, used 282K [0x00000000d5580000, 0x00000000d5900000, 0x0000000100000000)
  eden space 1536K, 0% used [0x00000000d5580000,0x00000000d5580000,0x00000000d5700000)
  from space 512K, 55% used [0x00000000d5700000,0x00000000d5746a58,0x00000000d5780000)
  to   space 1024K, 0% used [0x00000000d5800000,0x00000000d5800000,0x00000000d5900000)
 ParOldGen       total 398848K, used 398485K [0x0000000080000000, 0x0000000098580000, 0x00000000d5580000)
  object space 398848K, 99% used [0x0000000080000000,0x0000000098525788,0x0000000098580000)
 Metaspace       used 62533K, committed 64064K, reserved 1114112K
  class space    used 6557K, committed 7168K, reserved 1048576K
}
Event: 52.101 GC heap before
{Heap before GC invocations=499 (full 3):
 PSYoungGen      total 2048K, used 1818K [0x00000000d5580000, 0x00000000d5900000, 0x0000000100000000)
  eden space 1536K, 100% used [0x00000000d5580000,0x00000000d5700000,0x00000000d5700000)
  from space 512K, 55% used [0x00000000d5700000,0x00000000d5746a58,0x00000000d5780000)
  to   space 1024K, 0% used [0x00000000d5800000,0x00000000d5800000,0x00000000d5900000)
 ParOldGen       total 398848K, used 398485K [0x0000000080000000, 0x0000000098580000, 0x00000000d5580000)
  object space 398848K, 99% used [0x0000000080000000,0x0000000098525788,0x0000000098580000)
 Metaspace       used 62533K, committed 64064K, reserved 1114112K
  class space    used 6557K, committed 7168K, reserved 1048576K
}
Event: 52.105 GC heap after
{Heap after GC invocations=499 (full 3):
 PSYoungGen      total 2048K, used 224K [0x00000000d5580000, 0x00000000d5880000, 0x0000000100000000)
  eden space 1536K, 0% used [0x00000000d5580000,0x00000000d5580000,0x00000000d5700000)
  from space 512K, 43% used [0x00000000d5800000,0x00000000d5838000,0x00000000d5880000)
  to   space 512K, 0% used [0x00000000d5700000,0x00000000d5700000,0x00000000d5780000)
 ParOldGen       total 398848K, used 398688K [0x0000000080000000, 0x0000000098580000, 0x00000000d5580000)
  object space 398848K, 99% used [0x0000000080000000,0x00000000985581e0,0x0000000098580000)
 Metaspace       used 62533K, committed 64064K, reserved 1114112K
  class space    used 6557K, committed 7168K, reserved 1048576K
}
Event: 52.145 GC heap before
{Heap before GC invocations=500 (full 3):
 PSYoungGen      total 2048K, used 1741K [0x00000000d5580000, 0x00000000d5880000, 0x0000000100000000)
  eden space 1536K, 98% used [0x00000000d5580000,0x00000000d56fb658,0x00000000d5700000)
  from space 512K, 43% used [0x00000000d5800000,0x00000000d5838000,0x00000000d5880000)
  to   space 512K, 0% used [0x00000000d5700000,0x00000000d5700000,0x00000000d5780000)
 ParOldGen       total 398848K, used 398688K [0x0000000080000000, 0x0000000098580000, 0x00000000d5580000)
  object space 398848K, 99% used [0x0000000080000000,0x00000000985581e0,0x0000000098580000)
 Metaspace       used 62533K, committed 64064K, reserved 1114112K
  class space    used 6557K, committed 7168K, reserved 1048576K
}
Event: 52.147 GC heap after
{Heap after GC invocations=500 (full 3):
 PSYoungGen      total 2048K, used 192K [0x00000000d5580000, 0x00000000d5880000, 0x0000000100000000)
  eden space 1536K, 0% used [0x00000000d5580000,0x00000000d5580000,0x00000000d5700000)
  from space 512K, 37% used [0x00000000d5700000,0x00000000d5730000,0x00000000d5780000)
  to   space 512K, 0% used [0x00000000d5800000,0x00000000d5800000,0x00000000d5880000)
 ParOldGen       total 399360K, used 398885K [0x0000000080000000, 0x0000000098600000, 0x00000000d5580000)
  object space 399360K, 99% used [0x0000000080000000,0x00000000985897e8,0x0000000098600000)
 Metaspace       used 62533K, committed 64064K, reserved 1114112K
  class space    used 6557K, committed 7168K, reserved 1048576K
}
Event: 52.174 GC heap before
{Heap before GC invocations=501 (full 3):
 PSYoungGen      total 2048K, used 1728K [0x00000000d5580000, 0x00000000d5880000, 0x0000000100000000)
  eden space 1536K, 100% used [0x00000000d5580000,0x00000000d5700000,0x00000000d5700000)
  from space 512K, 37% used [0x00000000d5700000,0x00000000d5730000,0x00000000d5780000)
  to   space 512K, 0% used [0x00000000d5800000,0x00000000d5800000,0x00000000d5880000)
 ParOldGen       total 399360K, used 398885K [0x0000000080000000, 0x0000000098600000, 0x00000000d5580000)
  object space 399360K, 99% used [0x0000000080000000,0x00000000985897e8,0x0000000098600000)
 Metaspace       used 62533K, committed 64064K, reserved 1114112K
  class space    used 6557K, committed 7168K, reserved 1048576K
}
Event: 52.176 GC heap after
{Heap after GC invocations=501 (full 3):
 PSYoungGen      total 2048K, used 219K [0x00000000d5580000, 0x00000000d5880000, 0x0000000100000000)
  eden space 1536K, 0% used [0x00000000d5580000,0x00000000d5580000,0x00000000d5700000)
  from space 512K, 42% used [0x00000000d5800000,0x00000000d5836c08,0x00000000d5880000)
  to   space 512K, 0% used [0x00000000d5700000,0x00000000d5700000,0x00000000d5780000)
 ParOldGen       total 399360K, used 399013K [0x0000000080000000, 0x0000000098600000, 0x00000000d5580000)
  object space 399360K, 99% used [0x0000000080000000,0x00000000985a97e8,0x0000000098600000)
 Metaspace       used 62533K, committed 64064K, reserved 1114112K
  class space    used 6557K, committed 7168K, reserved 1048576K
}

